[2019-05-24 15:35:03,987] - logger.py] - INFO: 测试加法
[2019-05-24 15:35:03,988] - logger.py] - INFO: 测试6+5与11比较
[2019-05-24 15:35:03,988] - logger.py] - INFO: ----------start!-------
[2019-05-24 15:35:03,989] - logger.py] - INFO: 测试7/2与3.5比较
[2019-05-24 15:35:03,989] - logger.py] - INFO: ----------pass!-------
[2019-05-24 15:35:03,990] - logger.py] - INFO: ------start!--------
[2019-05-24 15:35:03,991] - logger.py] - INFO: 测试hello 在hello world里
[2019-05-24 15:35:03,992] - logger.py] - INFO: ------end!--------
[2019-05-24 15:35:03,992] - logger.py] - INFO: ------start!--------
[2019-05-24 15:35:03,993] - logger.py] - INFO: 测试a为False失败案例
[2019-05-24 15:35:04,543] - logger.py] - INFO: 测试的url地址：http://qa-adx2.suanshubang.com/adx-resource/sdk/position/update
[2019-05-24 15:35:04,624] - logger.py] - INFO: 获取请求结果 {'data': 1, 'status': 1}
[2019-05-24 15:35:04,625] - logger.py] - INFO: 获取1值与1进行比较
[2019-05-24 16:22:16,084] - logger.py] - INFO: 测试加法
[2019-05-24 16:22:16,084] - logger.py] - INFO: 测试6+5与11比较
[2019-05-24 16:22:16,086] - logger.py] - INFO: ----------start!-------
[2019-05-24 16:22:16,086] - logger.py] - INFO: 测试7/2与3.5比较
[2019-05-24 16:22:16,086] - logger.py] - INFO: ----------pass!-------
[2019-05-24 16:22:16,087] - logger.py] - INFO: ------start!--------
[2019-05-24 16:22:16,087] - logger.py] - INFO: 测试hello 在hello world里
[2019-05-24 16:22:16,088] - logger.py] - INFO: ------end!--------
[2019-05-24 16:22:16,088] - logger.py] - INFO: ------start!--------
[2019-05-24 16:22:16,089] - logger.py] - INFO: 测试a为False失败案例
[2019-05-24 16:22:18,973] - logger.py] - INFO: 测试的url地址：http://qa-adx2.suanshubang.com/adx-resource/sdk/position/update
[2019-05-24 16:22:19,076] - logger.py] - INFO: 获取请求结果 {'data': 1, 'status': 1}
[2019-05-24 16:22:19,078] - logger.py] - INFO: 获取1值与1进行比较
