[2020-04-26 15:27:08,218] - logger.py] - INFO: 测试加法
[2020-04-26 15:27:08,219] - logger.py] - INFO: 测试6+5与11比较
[2020-04-26 15:27:08,219] - logger.py] - INFO: ----------start!-------
[2020-04-26 15:27:08,219] - logger.py] - INFO: 测试7/2与3.5比较
[2020-04-26 15:27:08,219] - logger.py] - INFO: ----------pass!-------
[2020-04-26 15:27:08,220] - logger.py] - INFO: ------start!--------
[2020-04-26 15:27:08,221] - logger.py] - INFO: 测试hello 在hello world里
[2020-04-26 15:27:08,221] - logger.py] - INFO: ------end!--------
[2020-04-26 15:27:08,221] - logger.py] - INFO: ------start!--------
[2020-04-26 15:27:08,231] - logger.py] - INFO: 测试a为False失败案例
[2020-04-26 15:29:36,976] - logger.py] - INFO: 测试加法
[2020-04-26 15:29:36,977] - logger.py] - INFO: 测试6+5与11比较
[2020-04-26 15:29:36,977] - logger.py] - INFO: ----------start!-------
[2020-04-26 15:29:36,978] - logger.py] - INFO: 测试7/2与3.5比较
[2020-04-26 15:29:36,978] - logger.py] - INFO: ----------pass!-------
[2020-04-26 15:29:36,978] - logger.py] - INFO: ------start!--------
[2020-04-26 15:29:36,978] - logger.py] - INFO: 测试hello 在hello world里
[2020-04-26 15:29:36,979] - logger.py] - INFO: ------end!--------
[2020-04-26 15:29:36,979] - logger.py] - INFO: ------start!--------
[2020-04-26 15:29:36,979] - logger.py] - INFO: 测试a为False失败案例
[2020-04-26 15:31:37,979] - logger.py] - INFO: 测试加法
[2020-04-26 15:31:37,980] - logger.py] - INFO: 测试6+5与11比较
[2020-04-26 15:31:37,980] - logger.py] - INFO: ----------start!-------
[2020-04-26 15:31:37,980] - logger.py] - INFO: 测试7/2与3.5比较
[2020-04-26 15:31:37,981] - logger.py] - INFO: ----------pass!-------
[2020-04-26 15:31:37,981] - logger.py] - INFO: ------start!--------
[2020-04-26 15:31:37,981] - logger.py] - INFO: 测试hello 在hello world里
[2020-04-26 15:31:37,982] - logger.py] - INFO: ------end!--------
[2020-04-26 15:31:37,982] - logger.py] - INFO: ------start!--------
[2020-04-26 15:31:37,982] - logger.py] - INFO: 测试a为False失败案例
[2020-04-26 15:31:42,760] - logger.py] - INFO: 测试加法
[2020-04-26 15:31:42,761] - logger.py] - INFO: 测试6+5与11比较
[2020-04-26 15:31:42,762] - logger.py] - INFO: ----------start!-------
[2020-04-26 15:31:42,762] - logger.py] - INFO: 测试7/2与3.5比较
[2020-04-26 15:31:42,762] - logger.py] - INFO: ----------pass!-------
[2020-04-26 15:31:42,763] - logger.py] - INFO: ------start!--------
[2020-04-26 15:31:42,763] - logger.py] - INFO: 测试hello 在hello world里
[2020-04-26 15:31:42,764] - logger.py] - INFO: ------end!--------
[2020-04-26 15:31:42,764] - logger.py] - INFO: ------start!--------
[2020-04-26 15:31:42,764] - logger.py] - INFO: 测试a为False失败案例
